0 info it worked if it ends with ok
1 verbose cli [ '/Users/Brett/.nvm/versions/node/v6.3.1/bin/node',
1 verbose cli   '/Users/Brett/.nvm/versions/node/v6.3.1/bin/npm',
1 verbose cli   'run',
1 verbose cli   'commit' ]
2 info using npm@3.10.3
3 info using node@v6.3.1
4 verbose run-script [ 'precommit', 'commit', 'postcommit' ]
5 info lifecycle starwars-names@0.0.0-semantically-released~precommit: starwars-names@0.0.0-semantically-released
6 silly lifecycle starwars-names@0.0.0-semantically-released~precommit: no script for precommit, continuing
7 info lifecycle starwars-names@0.0.0-semantically-released~commit: starwars-names@0.0.0-semantically-released
8 verbose lifecycle starwars-names@0.0.0-semantically-released~commit: unsafe-perm in lifecycle true
9 verbose lifecycle starwars-names@0.0.0-semantically-released~commit: PATH: /Users/Brett/.nvm/versions/node/v6.3.1/lib/node_modules/npm/bin/node-gyp-bin:/Users/Brett/Documents/frontendmasters/random-animal-names/node_modules/.bin:/Users/Brett/.nvm/versions/node/v6.3.1/bin:/Users/Brett/.nvm/versions/node/v6.3.1/bin:/usr/local/bin:/usr/bin:/bin:/usr/sbin:/sbin
10 verbose lifecycle starwars-names@0.0.0-semantically-released~commit: CWD: /Users/Brett/Documents/frontendmasters/random-animal-names
11 silly lifecycle starwars-names@0.0.0-semantically-released~commit: Args: [ '-c', 'git-cz' ]
12 silly lifecycle starwars-names@0.0.0-semantically-released~commit: Returned: code: 1  signal: null
13 info lifecycle starwars-names@0.0.0-semantically-released~commit: Failed to exec commit script
14 verbose stack Error: starwars-names@0.0.0-semantically-released commit: `git-cz`
14 verbose stack Exit status 1
14 verbose stack     at EventEmitter.<anonymous> (/Users/Brett/.nvm/versions/node/v6.3.1/lib/node_modules/npm/lib/utils/lifecycle.js:242:16)
14 verbose stack     at emitTwo (events.js:106:13)
14 verbose stack     at EventEmitter.emit (events.js:191:7)
14 verbose stack     at ChildProcess.<anonymous> (/Users/Brett/.nvm/versions/node/v6.3.1/lib/node_modules/npm/lib/utils/spawn.js:40:14)
14 verbose stack     at emitTwo (events.js:106:13)
14 verbose stack     at ChildProcess.emit (events.js:191:7)
14 verbose stack     at maybeClose (internal/child_process.js:852:16)
14 verbose stack     at Process.ChildProcess._handle.onexit (internal/child_process.js:215:5)
15 verbose pkgid starwars-names@0.0.0-semantically-released
16 verbose cwd /Users/Brett/Documents/frontendmasters/random-animal-names
17 error Darwin 15.4.0
18 error argv "/Users/Brett/.nvm/versions/node/v6.3.1/bin/node" "/Users/Brett/.nvm/versions/node/v6.3.1/bin/npm" "run" "commit"
19 error node v6.3.1
20 error npm  v3.10.3
21 error code ELIFECYCLE
22 error starwars-names@0.0.0-semantically-released commit: `git-cz`
22 error Exit status 1
23 error Failed at the starwars-names@0.0.0-semantically-released commit script 'git-cz'.
23 error Make sure you have the latest version of node.js and npm installed.
23 error If you do, this is most likely a problem with the starwars-names package,
23 error not with npm itself.
23 error Tell the author that this fails on your system:
23 error     git-cz
23 error You can get information on how to open an issue for this project with:
23 error     npm bugs starwars-names
23 error Or if that isn't available, you can get their info via:
23 error     npm owner ls starwars-names
23 error There is likely additional logging output above.
24 verbose exit [ 1, true ]
